TN:
SF:app.js
FN:21,(anonymous_0)
FN:26,(anonymous_1)
FN:37,(anonymous_2)
FN:43,(anonymous_3)
FNF:4
FNH:3
FNDA:1,(anonymous_0)
FNDA:0,(anonymous_1)
FNDA:1,(anonymous_2)
FNDA:1,(anonymous_3)
DA:2,1
DA:5,1
DA:8,1
DA:11,1
DA:14,1
DA:15,1
DA:18,1
DA:21,1
DA:22,1
DA:23,1
DA:26,1
DA:27,0
DA:28,0
DA:29,0
DA:30,0
DA:32,0
DA:33,0
DA:37,1
DA:38,1
DA:39,1
DA:40,1
DA:43,1
DA:44,1
DA:45,1
DA:46,0
DA:47,0
DA:51,1
LF:27
LH:19
BRF:0
BRH:0
end_of_record
TN:
SF:post.js
FN:9,(anonymous_0)
FN:16,(anonymous_1)
FN:17,(anonymous_2)
FN:21,(anonymous_3)
FN:23,(anonymous_4)
FN:31,(anonymous_5)
FN:38,(anonymous_6)
FN:39,(anonymous_7)
FNF:8
FNH:6
FNDA:5,(anonymous_0)
FNDA:1,(anonymous_1)
FNDA:3,(anonymous_2)
FNDA:1,(anonymous_3)
FNDA:3,(anonymous_4)
FNDA:1,(anonymous_5)
FNDA:0,(anonymous_6)
FNDA:0,(anonymous_7)
DA:1,1
DA:10,5
DA:11,4
DA:12,4
DA:13,4
DA:17,3
DA:18,1
DA:22,1
DA:23,3
DA:24,1
DA:25,0
DA:27,1
DA:32,1
DA:33,1
DA:34,1
DA:35,1
DA:39,0
DA:40,0
DA:44,1
LF:19
LH:16
BRF:0
BRH:0
end_of_record
